app/build/intermediates/manifest_merge_blame_file/debug/manifest-merger-blame-debug-report.txt
1<?xml version="1.0" encoding="utf-8"?>
2<manifest xmlns:android="http://schemas.android.com/apk/res/android"
3    package="com.example.infocovid"
4    android:versionCode="1"
5    android:versionName="1.0" >
6
7    <uses-sdk
8        android:minSdkVersion="23"
8-->src/main/AndroidManifest.xml
9        android:targetSdkVersion="30" />
9-->src/main/AndroidManifest.xml
10
11    <uses-permission android:name="android.permission.INTERNET" />
11-->src/main/AndroidManifest.xml:5:5-67
11-->src/main/AndroidManifest.xml:5:22-64
12    <uses-permission android:name="android.permission.ACCESS_FINE_LOCATION" />
12-->src/main/AndroidManifest.xml:6:5-79
12-->src/main/AndroidManifest.xml:6:22-76
13    <uses-permission android:name="android.permission.ACCESS_COARSE_LOCATION" />
13-->src/main/AndroidManifest.xml:7:5-81
13-->src/main/AndroidManifest.xml:7:22-78
14
15    <application
15-->src/main/AndroidManifest.xml:9:5-51:19
16        android:allowBackup="true"
16-->src/main/AndroidManifest.xml:10:9-35
17        android:appComponentFactory="androidx.core.app.CoreComponentFactory"
17-->[androidx.core:core:1.3.1] AndroidManifest.xml:24:18-86
18        android:debuggable="true"
19        android:extractNativeLibs="false"
20        android:icon="@mipmap/ic_launcher_logo"
20-->src/main/AndroidManifest.xml:11:9-48
21        android:label="@string/app_name"
21-->src/main/AndroidManifest.xml:12:9-41
22        android:roundIcon="@mipmap/ic_launcher_logo_round"
22-->src/main/AndroidManifest.xml:13:9-59
23        android:supportsRtl="true"
23-->src/main/AndroidManifest.xml:14:9-35
24        android:testOnly="true"
25        android:theme="@style/Theme.AppCompat.Light.NoActionBar" >
25-->src/main/AndroidManifest.xml:15:9-65
26        //android:theme="@style/Theme.Infocovid"
27        <activity
27-->src/main/AndroidManifest.xml:18:9-24:20
28            android:name="com.example.infocovid.DisplaySearchActivity"
28-->src/main/AndroidManifest.xml:19:13-50
29            android:parentActivityName="com.example.infocovid.MainActivity" >
29-->src/main/AndroidManifest.xml:20:13-55
30            <meta-data
30-->src/main/AndroidManifest.xml:21:13-23:49
31                android:name="android.support.PARENT_ACTIVITY"
31-->src/main/AndroidManifest.xml:22:17-63
32                android:value=".MainActivity" />
32-->src/main/AndroidManifest.xml:23:17-46
33        </activity>
34        <activity
34-->src/main/AndroidManifest.xml:25:9-31:20
35            android:name="com.example.infocovid.DisplayRestrictionsActivity"
35-->src/main/AndroidManifest.xml:26:13-56
36            android:parentActivityName="com.example.infocovid.MainActivity" >
36-->src/main/AndroidManifest.xml:27:13-55
37            <meta-data
37-->src/main/AndroidManifest.xml:21:13-23:49
38                android:name="android.support.PARENT_ACTIVITY"
38-->src/main/AndroidManifest.xml:22:17-63
39                android:value=".MainActivity" />
39-->src/main/AndroidManifest.xml:23:17-46
40        </activity>
41        <activity
41-->src/main/AndroidManifest.xml:32:9-38:20
42            android:name="com.example.infocovid.DisplayNewsActivity"
42-->src/main/AndroidManifest.xml:33:13-48
43            android:parentActivityName="com.example.infocovid.MainActivity" >
43-->src/main/AndroidManifest.xml:34:13-55
44            <meta-data
44-->src/main/AndroidManifest.xml:21:13-23:49
45                android:name="android.support.PARENT_ACTIVITY"
45-->src/main/AndroidManifest.xml:22:17-63
46                android:value=".MainActivity" />
46-->src/main/AndroidManifest.xml:23:17-46
47        </activity>
48        <activity android:name="com.example.infocovid.MainActivity" >
48-->src/main/AndroidManifest.xml:39:9-45:20
48-->src/main/AndroidManifest.xml:39:19-47
49            <intent-filter>
49-->src/main/AndroidManifest.xml:40:13-44:29
50                <action android:name="android.intent.action.MAIN" />
50-->src/main/AndroidManifest.xml:41:17-69
50-->src/main/AndroidManifest.xml:41:25-66
51
52                <category android:name="android.intent.category.LAUNCHER" />
52-->src/main/AndroidManifest.xml:43:17-77
52-->src/main/AndroidManifest.xml:43:27-74
53            </intent-filter>
54        </activity>
55        <activity
55-->src/main/AndroidManifest.xml:46:9-48:21
56            android:name="com.example.infocovid.Pop"
56-->src/main/AndroidManifest.xml:46:19-38
57            android:theme="@style/AppTheme.PopTheme" />
57-->src/main/AndroidManifest.xml:47:13-53
58
59        <service android:name="com.example.infocovid.BackgroundLocationService" />
59-->src/main/AndroidManifest.xml:50:9-62
59-->src/main/AndroidManifest.xml:50:18-59
60
61        <activity
61-->[com.google.android.gms:play-services-base:9.4.0] AndroidManifest.xml:20:9-22:45
62            android:name="com.google.android.gms.common.api.GoogleApiActivity"
62-->[com.google.android.gms:play-services-base:9.4.0] AndroidManifest.xml:20:19-85
63            android:exported="false"
63-->[com.google.android.gms:play-services-base:9.4.0] AndroidManifest.xml:22:19-43
64            android:theme="@android:style/Theme.Translucent.NoTitleBar" />
64-->[com.google.android.gms:play-services-base:9.4.0] AndroidManifest.xml:21:19-78
65
66        <meta-data
66-->[com.google.android.gms:play-services-basement:9.4.0] AndroidManifest.xml:21:9-23:69
67            android:name="com.google.android.gms.version"
67-->[com.google.android.gms:play-services-basement:9.4.0] AndroidManifest.xml:22:13-58
68            android:value="@integer/google_play_services_version" />
68-->[com.google.android.gms:play-services-basement:9.4.0] AndroidManifest.xml:23:13-66
69    </application>
70
71</manifest>